0 info it worked if it ends with ok
1 verbose cli [ '/home/ubuntu/.nvm/versions/node/v4.7.3/bin/node',
1 verbose cli   '/home/ubuntu/.nvm/versions/node/v4.7.3/bin/npm',
1 verbose cli   'install',
1 verbose cli   '-g',
1 verbose cli   'heroku-cli' ]
2 info using npm@2.15.11
3 info using node@v4.7.3
4 verbose install initial load of /home/ubuntu/.nvm/versions/node/v4.7.3/lib/package.json
5 verbose readDependencies loading dependencies from /home/ubuntu/.nvm/versions/node/v4.7.3/lib/package.json
6 silly cache add args [ 'heroku-cli', null ]
7 verbose cache add spec heroku-cli
8 silly cache add parsed spec Result {
8 silly cache add   raw: 'heroku-cli',
8 silly cache add   scope: null,
8 silly cache add   name: 'heroku-cli',
8 silly cache add   rawSpec: '',
8 silly cache add   spec: 'latest',
8 silly cache add   type: 'tag' }
9 silly addNamed heroku-cli@latest
10 verbose addNamed "latest" is being treated as a dist-tag for heroku-cli
11 info addNameTag [ 'heroku-cli', 'latest' ]
12 silly mapToRegistry name heroku-cli
13 silly mapToRegistry using default registry
14 silly mapToRegistry registry https://registry.npmjs.org/
15 silly mapToRegistry data Result {
15 silly mapToRegistry   raw: 'heroku-cli',
15 silly mapToRegistry   scope: null,
15 silly mapToRegistry   name: 'heroku-cli',
15 silly mapToRegistry   rawSpec: '',
15 silly mapToRegistry   spec: 'latest',
15 silly mapToRegistry   type: 'tag' }
16 silly mapToRegistry uri https://registry.npmjs.org/heroku-cli
17 verbose addNameTag registry:https://registry.npmjs.org/heroku-cli not in flight; fetching
18 verbose request uri https://registry.npmjs.org/heroku-cli
19 verbose request no auth needed
20 info attempt registry request try #1 at 10:15:28 AM
21 verbose request id 56030c908eb66b92
22 verbose etag W/"594a7eaf-2ba34"
23 verbose lastModified Wed, 21 Jun 2017 14:11:59 GMT
24 http request GET https://registry.npmjs.org/heroku-cli
25 http 304 https://registry.npmjs.org/heroku-cli
26 verbose headers { date: 'Thu, 22 Jun 2017 10:15:28 GMT',
26 verbose headers   via: '1.1 varnish',
26 verbose headers   'cache-control': 'max-age=300',
26 verbose headers   etag: 'W/"594a7eaf-2ba34"',
26 verbose headers   age: '11',
26 verbose headers   connection: 'keep-alive',
26 verbose headers   'x-served-by': 'cache-lhr6328-LHR',
26 verbose headers   'x-cache': 'HIT',
26 verbose headers   'x-cache-hits': '1',
26 verbose headers   'x-timer': 'S1498126528.363651,VS0,VE0',
26 verbose headers   vary: 'Accept-Encoding' }
27 silly get cb [ 304,
27 silly get   { date: 'Thu, 22 Jun 2017 10:15:28 GMT',
27 silly get     via: '1.1 varnish',
27 silly get     'cache-control': 'max-age=300',
27 silly get     etag: 'W/"594a7eaf-2ba34"',
27 silly get     age: '11',
27 silly get     connection: 'keep-alive',
27 silly get     'x-served-by': 'cache-lhr6328-LHR',
27 silly get     'x-cache': 'HIT',
27 silly get     'x-cache-hits': '1',
27 silly get     'x-timer': 'S1498126528.363651,VS0,VE0',
27 silly get     vary: 'Accept-Encoding' } ]
28 verbose etag https://registry.npmjs.org/heroku-cli from cache
29 verbose get saving heroku-cli to /home/ubuntu/.npm/registry.npmjs.org/heroku-cli/.cache.json
30 verbose correctMkdir /home/ubuntu/.npm correctMkdir not in flight; initializing
31 silly addNameTag next cb for heroku-cli with tag latest
32 verbose stack Error: No compatible version found: heroku-cli@'latest'
32 verbose stack Valid install targets:
32 verbose stack ["6.0.0","6.0.1","6.0.2","6.0.7","6.1.4","6.1.5","6.1.6","6.1.7","6.2.0","6.2.1","6.3.0","6.3.1","6.4.0","6.4.1","6.5.0","6.5.1","6.5.2","6.5.3","6.5.4","6.5.5","6.6.0","6.6.2","6.6.5","6.6.7","6.6.8","6.6.9","6.6.10","6.6.11","6.6.12","6.6.13","6.6.14","6.6.15","6.6.16","6.6.17","6.6.18","6.6.19","6.7.0","6.7.1","6.7.2","6.7.3","6.7.4","6.8.0","6.8.1","6.8.2","6.8.3","6.8.4","6.8.5","6.9.0","6.9.1","6.9.2","6.9.3","6.9.4","6.9.5","6.9.6","6.9.7","6.10.0","6.10.1","6.10.2"]
32 verbose stack
32 verbose stack     at installTargetsError (/home/ubuntu/.nvm/versions/node/v4.7.3/lib/node_modules/npm/lib/cache/add-named.js:284:12)
32 verbose stack     at next (/home/ubuntu/.nvm/versions/node/v4.7.3/lib/node_modules/npm/lib/cache/add-named.js:94:10)
32 verbose stack     at RES (/home/ubuntu/.nvm/versions/node/v4.7.3/lib/node_modules/npm/node_modules/inflight/inflight.js:23:14)
32 verbose stack     at f (/home/ubuntu/.nvm/versions/node/v4.7.3/lib/node_modules/npm/node_modules/once/once.js:25:25)
32 verbose stack     at fixName (/home/ubuntu/.nvm/versions/node/v4.7.3/lib/node_modules/npm/lib/cache/add-named.js:29:5)
32 verbose stack     at saved (/home/ubuntu/.nvm/versions/node/v4.7.3/lib/node_modules/npm/lib/cache/caching-client.js:173:7)
32 verbose stack     at /home/ubuntu/.nvm/versions/node/v4.7.3/lib/node_modules/npm/node_modules/graceful-fs/polyfills.js:233:18
32 verbose stack     at FSReqWrap.oncomplete (fs.js:82:15)
33 verbose cwd /home/ubuntu/workspace
34 error Linux 4.9.17-c9
35 error argv "/home/ubuntu/.nvm/versions/node/v4.7.3/bin/node" "/home/ubuntu/.nvm/versions/node/v4.7.3/bin/npm" "install" "-g" "heroku-cli"
36 error node v4.7.3
37 error npm  v2.15.11
38 error code ETARGET
39 error notarget No compatible version found: heroku-cli@'latest'
39 error notarget Valid install targets:
39 error notarget ["6.0.0","6.0.1","6.0.2","6.0.7","6.1.4","6.1.5","6.1.6","6.1.7","6.2.0","6.2.1","6.3.0","6.3.1","6.4.0","6.4.1","6.5.0","6.5.1","6.5.2","6.5.3","6.5.4","6.5.5","6.6.0","6.6.2","6.6.5","6.6.7","6.6.8","6.6.9","6.6.10","6.6.11","6.6.12","6.6.13","6.6.14","6.6.15","6.6.16","6.6.17","6.6.18","6.6.19","6.7.0","6.7.1","6.7.2","6.7.3","6.7.4","6.8.0","6.8.1","6.8.2","6.8.3","6.8.4","6.8.5","6.9.0","6.9.1","6.9.2","6.9.3","6.9.4","6.9.5","6.9.6","6.9.7","6.10.0","6.10.1","6.10.2"]
39 error notarget
39 error notarget This is most likely not a problem with npm itself.
39 error notarget In most cases you or one of your dependencies are requesting
39 error notarget a package version that doesn't exist.
40 verbose exit [ 1, true ]
